2020-05-06 00:31:59 [scrapy] ERROR: Error while obtaining start requests
Traceback (most recent call last):
  File "/usr/lib/python3.8/site-packages/scrapy/core/engine.py", line 127, in _next_request
    request = next(slot.start_requests)
  File "/home/lalit/.local/lib/python3.8/site-packages/scrapy_splash/middleware.py", line 167, in process_start_requests
    for req in start_requests:
  File "/run/media/lalit/Work/scrapy-googlescholar/topl_project/topl_project/spiders/1.py", line 23, in start_requests
    yield SplashRequest(url, self.parse, endpoint='execute', args={'lua_source':self.script})
NameError: name 'url' is not defined
2020-05-06 00:32:01 [scrapy] DEBUG: Crawled (200) <GET https://scholar.google.com/citations?user=ngT8wRgAAAAJ> (referer: None)
2020-05-06 00:32:01 [scrapy] DEBUG: Scraped from <200 https://scholar.google.com/citations?user=ngT8wRgAAAAJ>
{'citation_link': None, 'no_of_citation': '0', 'title': None, 'year': None}
2020-05-06 00:32:01 [scrapy] DEBUG: Scraped from <200 https://scholar.google.com/citations?user=ngT8wRgAAAAJ>
{'citation_link': None, 'no_of_citation': '0', 'title': None, 'year': None}
2020-05-06 00:32:01 [scrapy] DEBUG: Scraped from <200 https://scholar.google.com/citations?user=ngT8wRgAAAAJ>
{'citation_link': None, 'no_of_citation': '0', 'title': None, 'year': None}
2020-05-06 00:32:01 [scrapy] DEBUG: Scraped from <200 https://scholar.google.com/citations?user=ngT8wRgAAAAJ>
{'citation_link': 'https://scholar.google.com/scholar?oi=bibs&hl=en&cites=10438299327049367009',
 'no_of_citation': '24',
 'title': 'Systematic Design of Trust Management Systems for Wireless Sensor '
          'Networks: A Review',
 'year': '2014'}
2020-05-06 00:32:01 [scrapy] DEBUG: Scraped from <200 https://scholar.google.com/citations?user=ngT8wRgAAAAJ>
{'citation_link': 'https://scholar.google.com/scholar?oi=bibs&hl=en&cites=13676029927784182995',
 'no_of_citation': '22',
 'title': 'A lightweight Sybil attack detection framework for Wireless Sensor '
          'Networks',
 'year': '2014'}
2020-05-06 00:32:01 [scrapy] DEBUG: Scraped from <200 https://scholar.google.com/citations?user=ngT8wRgAAAAJ>
{'citation_link': 'https://scholar.google.com/scholar?oi=bibs&hl=en&cites=3996275920302953948',
 'no_of_citation': '15',
 'title': 'An improved trusted greedy perimeter stateless routing for wireless '
          'sensor networks',
 'year': '2014'}
2020-05-06 00:32:01 [scrapy] DEBUG: Scraped from <200 https://scholar.google.com/citations?user=ngT8wRgAAAAJ>
{'citation_link': 'https://scholar.google.com/scholar?oi=bibs&hl=en&cites=14887528606987290512',
 'no_of_citation': '15',
 'title': 'Sybil attack detection using sequential hypothesis testing in '
          'wireless sensor networks',
 'year': '2014'}
2020-05-06 00:32:01 [scrapy] DEBUG: Scraped from <200 https://scholar.google.com/citations?user=ngT8wRgAAAAJ>
{'citation_link': 'https://scholar.google.com/scholar?oi=bibs&hl=en&cites=3933772464495715077',
 'no_of_citation': '13',
 'title': 'Trust and location-aware routing protocol for wireless sensor '
          'networks',
 'year': '2016'}
2020-05-06 00:32:01 [scrapy] DEBUG: Scraped from <200 https://scholar.google.com/citations?user=ngT8wRgAAAAJ>
{'citation_link': 'https://scholar.google.com/scholar?oi=bibs&hl=en&cites=13114339957381841599',
 'no_of_citation': '12',
 'title': 'DETECTING SYBIL ATTACKS IN WIRELESS SENSOR NETWORKS USING '
          'SEQUENTIAL ANALYSIS',
 'year': '2016'}
2020-05-06 00:32:01 [scrapy] DEBUG: Scraped from <200 https://scholar.google.com/citations?user=ngT8wRgAAAAJ>
{'citation_link': 'https://scholar.google.com/scholar?oi=bibs&hl=en&cites=8067986820184966992',
 'no_of_citation': '12',
 'title': 'Self Adaptive Trust Model for Secure Geographic Routing in Wireless '
          'Sensor Networks',
 'year': '2015'}
2020-05-06 00:32:01 [scrapy] DEBUG: Scraped from <200 https://scholar.google.com/citations?user=ngT8wRgAAAAJ>
{'citation_link': 'https://scholar.google.com/scholar?oi=bibs&hl=en&cites=3199798381182763558',
 'no_of_citation': '12',
 'title': 'Bt-gpsr: An integrated trust model for secure geographic routing in '
          'wireless sensor networks',
 'year': '2014'}
2020-05-06 00:32:01 [scrapy] DEBUG: Scraped from <200 https://scholar.google.com/citations?user=ngT8wRgAAAAJ>
{'citation_link': 'https://scholar.google.com/scholar?oi=bibs&hl=en&cites=632867018078538251',
 'no_of_citation': '8',
 'title': 'Secure Data Aggregation and Intrusion Detection in Wireless Sensor '
          'Networks',
 'year': '2015'}
2020-05-06 00:32:01 [scrapy] DEBUG: Scraped from <200 https://scholar.google.com/citations?user=ngT8wRgAAAAJ>
{'citation_link': 'https://scholar.google.com/scholar?oi=bibs&hl=en&cites=13363626497299167287',
 'no_of_citation': '7',
 'title': 'A Taxonomy of Key Management Schemes of Wireless Sensor Networks',
 'year': '2015'}
2020-05-06 00:32:01 [scrapy] DEBUG: Scraped from <200 https://scholar.google.com/citations?user=ngT8wRgAAAAJ>
{'citation_link': 'https://scholar.google.com/scholar?oi=bibs&hl=en&cites=3925471142896768605',
 'no_of_citation': '5',
 'title': 'Generalized trust model for cooperative routing in MANETs',
 'year': '2017'}
2020-05-06 00:32:01 [scrapy] DEBUG: Scraped from <200 https://scholar.google.com/citations?user=ngT8wRgAAAAJ>
{'citation_link': 'https://scholar.google.com/scholar?oi=bibs&hl=en&cites=8835902544164365055',
 'no_of_citation': '5',
 'title': 'Adaptive trust model for secure geographic routing in wireless '
          'sensor networks',
 'year': '2014'}
2020-05-06 00:32:01 [scrapy] DEBUG: Scraped from <200 https://scholar.google.com/citations?user=ngT8wRgAAAAJ>
{'citation_link': 'https://scholar.google.com/scholar?oi=bibs&hl=en&cites=8177388844649979516',
 'no_of_citation': '4',
 'title': 'TRUST AWARE DATA AGGREGATION AND INTRUSION DETECTION SYSTEM FOR '
          'WIRELESS SENSOR NETWORKS',
 'year': '2016'}
2020-05-06 00:32:01 [scrapy] DEBUG: Scraped from <200 https://scholar.google.com/citations?user=ngT8wRgAAAAJ>
{'citation_link': 'https://scholar.google.com/scholar?oi=bibs&hl=en&cites=16709829526155910088',
 'no_of_citation': '3',
 'title': 'Performance analysis of range free localization methods for '
          'wireless sensor networks',
 'year': '2017'}
2020-05-06 00:32:01 [scrapy] DEBUG: Scraped from <200 https://scholar.google.com/citations?user=ngT8wRgAAAAJ>
{'citation_link': 'https://scholar.google.com/scholar?oi=bibs&hl=en&cites=11114627224835787930',
 'no_of_citation': '2',
 'title': 'DV-HOP Based Hybrid Range-Free Localization Methods for Wireless '
          'Sensor Networks',
 'year': '2018'}
2020-05-06 00:32:01 [scrapy] DEBUG: Scraped from <200 https://scholar.google.com/citations?user=ngT8wRgAAAAJ>
{'citation_link': 'https://scholar.google.com/scholar?oi=bibs&hl=en&cites=14476446780471084787',
 'no_of_citation': '2',
 'title': 'Trust and reputation aware geographic routing method for wireless '
          'ad hoc networks',
 'year': '2018'}
2020-05-06 00:32:01 [scrapy] DEBUG: Scraped from <200 https://scholar.google.com/citations?user=ngT8wRgAAAAJ>
{'citation_link': 'https://scholar.google.com/scholar?oi=bibs&hl=en&cites=17081579071436547014',
 'no_of_citation': '2',
 'title': 'Trust aware cooperative optimised link state routing protocol',
 'year': '2017'}
2020-05-06 00:32:01 [scrapy] DEBUG: Scraped from <200 https://scholar.google.com/citations?user=ngT8wRgAAAAJ>
{'citation_link': 'https://scholar.google.com/scholar?oi=bibs&hl=en&cites=13281975360342622006',
 'no_of_citation': '2',
 'title': 'Trust aware cooperative routing method for WANETs',
 'year': '2016'}
2020-05-06 00:32:01 [scrapy] DEBUG: Scraped from <200 https://scholar.google.com/citations?user=ngT8wRgAAAAJ>
{'citation_link': 'https://scholar.google.com/scholar?oi=bibs&hl=en&cites=18028776335983486209',
 'no_of_citation': '2',
 'title': 'Performance analysis of trust based geographic routing protocols '
          'for Wireless Sensor Networks',
 'year': '2014'}
2020-05-06 00:32:01 [scrapy] DEBUG: Scraped from <200 https://scholar.google.com/citations?user=ngT8wRgAAAAJ>
{'citation_link': 'https://scholar.google.com/scholar?oi=bibs&hl=en&cites=4849736304456295527',
 'no_of_citation': '1',
 'title': 'Detecting location-based attacks in wireless sensor networks using '
          'sequential analysis',
 'year': '2015'}
2020-05-06 00:32:01 [scrapy] INFO: Closing spider (finished)
2020-05-06 00:32:01 [scrapy] INFO: Dumping Scrapy stats:
{'downloader/request_bytes': 330,
 'downloader/request_count': 1,
 'downloader/request_method_count/GET': 1,
 'downloader/response_bytes': 34401,
 'downloader/response_count': 1,
 'downloader/response_status_count/200': 1,
 'elapsed_time_seconds': 2.601025,
 'finish_reason': 'finished',
 'finish_time': datetime.datetime(2020, 5, 5, 19, 2, 1, 676045),
 'item_scraped_count': 23,
 'log_count/DEBUG': 24,
 'log_count/ERROR': 1,
 'log_count/INFO': 7,
 'memusage/max': 57810944,
 'memusage/startup': 57810944,
 'response_received_count': 1,
 'scheduler/dequeued': 1,
 'scheduler/dequeued/memory': 1,
 'scheduler/enqueued': 1,
 'scheduler/enqueued/memory': 1,
 'start_time': datetime.datetime(2020, 5, 5, 19, 1, 59, 75020)}
2020-05-06 00:32:01 [scrapy] INFO: Spider closed (finished)
