2020-05-06 01:23:25 [scrapy] DEBUG: Crawled (200) <GET https://scholar.google.com/citations?user=ngT8wRgAAAAJ via http://0.0.0.0:8050/execute> (referer: None)
2020-05-06 01:23:25 [scrapy] DEBUG: Scraped from <200 https://scholar.google.com/citations?user=ngT8wRgAAAAJ>
{'title': None, 'no_of_citation': '0', 'citation_link': None, 'year': None}
2020-05-06 01:23:25 [scrapy] DEBUG: Scraped from <200 https://scholar.google.com/citations?user=ngT8wRgAAAAJ>
{'title': None, 'no_of_citation': '0', 'citation_link': None, 'year': None}
2020-05-06 01:23:25 [scrapy] DEBUG: Scraped from <200 https://scholar.google.com/citations?user=ngT8wRgAAAAJ>
{'title': None, 'no_of_citation': '0', 'citation_link': None, 'year': None}
2020-05-06 01:23:25 [scrapy] DEBUG: Scraped from <200 https://scholar.google.com/citations?user=ngT8wRgAAAAJ>
{'title': 'Systematic Design of Trust Management Systems for Wireless Sensor Networks: A Review', 'no_of_citation': '24', 'citation_link': 'https://scholar.google.com/scholar?oi=bibs&hl=en&cites=10438299327049367009', 'year': '2014'}
2020-05-06 01:23:25 [scrapy] DEBUG: Scraped from <200 https://scholar.google.com/citations?user=ngT8wRgAAAAJ>
{'title': 'A lightweight Sybil attack detection framework for Wireless Sensor Networks', 'no_of_citation': '22', 'citation_link': 'https://scholar.google.com/scholar?oi=bibs&hl=en&cites=13676029927784182995', 'year': '2014'}
2020-05-06 01:23:25 [scrapy] DEBUG: Scraped from <200 https://scholar.google.com/citations?user=ngT8wRgAAAAJ>
{'title': 'An improved trusted greedy perimeter stateless routing for wireless sensor networks', 'no_of_citation': '15', 'citation_link': 'https://scholar.google.com/scholar?oi=bibs&hl=en&cites=3996275920302953948', 'year': '2014'}
2020-05-06 01:23:25 [scrapy] DEBUG: Scraped from <200 https://scholar.google.com/citations?user=ngT8wRgAAAAJ>
{'title': 'Sybil attack detection using sequential hypothesis testing in wireless sensor networks', 'no_of_citation': '15', 'citation_link': 'https://scholar.google.com/scholar?oi=bibs&hl=en&cites=14887528606987290512', 'year': '2014'}
2020-05-06 01:23:25 [scrapy] DEBUG: Scraped from <200 https://scholar.google.com/citations?user=ngT8wRgAAAAJ>
{'title': 'Trust and location-aware routing protocol for wireless sensor networks', 'no_of_citation': '13', 'citation_link': 'https://scholar.google.com/scholar?oi=bibs&hl=en&cites=3933772464495715077', 'year': '2016'}
2020-05-06 01:23:25 [scrapy] DEBUG: Scraped from <200 https://scholar.google.com/citations?user=ngT8wRgAAAAJ>
{'title': 'DETECTING SYBIL ATTACKS IN WIRELESS SENSOR NETWORKS USING SEQUENTIAL ANALYSIS', 'no_of_citation': '12', 'citation_link': 'https://scholar.google.com/scholar?oi=bibs&hl=en&cites=13114339957381841599', 'year': '2016'}
2020-05-06 01:23:25 [scrapy] DEBUG: Scraped from <200 https://scholar.google.com/citations?user=ngT8wRgAAAAJ>
{'title': 'Self Adaptive Trust Model for Secure Geographic Routing in Wireless Sensor Networks', 'no_of_citation': '12', 'citation_link': 'https://scholar.google.com/scholar?oi=bibs&hl=en&cites=8067986820184966992', 'year': '2015'}
2020-05-06 01:23:25 [scrapy] DEBUG: Scraped from <200 https://scholar.google.com/citations?user=ngT8wRgAAAAJ>
{'title': 'Bt-gpsr: An integrated trust model for secure geographic routing in wireless sensor networks', 'no_of_citation': '12', 'citation_link': 'https://scholar.google.com/scholar?oi=bibs&hl=en&cites=3199798381182763558', 'year': '2014'}
2020-05-06 01:23:25 [scrapy] DEBUG: Scraped from <200 https://scholar.google.com/citations?user=ngT8wRgAAAAJ>
{'title': 'Secure Data Aggregation and Intrusion Detection in Wireless Sensor Networks', 'no_of_citation': '8', 'citation_link': 'https://scholar.google.com/scholar?oi=bibs&hl=en&cites=632867018078538251', 'year': '2015'}
2020-05-06 01:23:25 [scrapy] DEBUG: Scraped from <200 https://scholar.google.com/citations?user=ngT8wRgAAAAJ>
{'title': 'A Taxonomy of Key Management Schemes of Wireless Sensor Networks', 'no_of_citation': '7', 'citation_link': 'https://scholar.google.com/scholar?oi=bibs&hl=en&cites=13363626497299167287', 'year': '2015'}
2020-05-06 01:23:25 [scrapy] DEBUG: Scraped from <200 https://scholar.google.com/citations?user=ngT8wRgAAAAJ>
{'title': 'Generalized trust model for cooperative routing in MANETs', 'no_of_citation': '5', 'citation_link': 'https://scholar.google.com/scholar?oi=bibs&hl=en&cites=3925471142896768605', 'year': '2017'}
2020-05-06 01:23:25 [scrapy] DEBUG: Scraped from <200 https://scholar.google.com/citations?user=ngT8wRgAAAAJ>
{'title': 'Adaptive trust model for secure geographic routing in wireless sensor networks', 'no_of_citation': '5', 'citation_link': 'https://scholar.google.com/scholar?oi=bibs&hl=en&cites=8835902544164365055', 'year': '2014'}
2020-05-06 01:23:25 [scrapy] DEBUG: Scraped from <200 https://scholar.google.com/citations?user=ngT8wRgAAAAJ>
{'title': 'TRUST AWARE DATA AGGREGATION AND INTRUSION DETECTION SYSTEM FOR WIRELESS SENSOR NETWORKS', 'no_of_citation': '4', 'citation_link': 'https://scholar.google.com/scholar?oi=bibs&hl=en&cites=8177388844649979516', 'year': '2016'}
2020-05-06 01:23:25 [scrapy] DEBUG: Scraped from <200 https://scholar.google.com/citations?user=ngT8wRgAAAAJ>
{'title': 'Performance analysis of range free localization methods for wireless sensor networks', 'no_of_citation': '3', 'citation_link': 'https://scholar.google.com/scholar?oi=bibs&hl=en&cites=16709829526155910088', 'year': '2017'}
2020-05-06 01:23:25 [scrapy] DEBUG: Scraped from <200 https://scholar.google.com/citations?user=ngT8wRgAAAAJ>
{'title': 'DV-HOP Based Hybrid Range-Free Localization Methods for Wireless Sensor Networks', 'no_of_citation': '2', 'citation_link': 'https://scholar.google.com/scholar?oi=bibs&hl=en&cites=11114627224835787930', 'year': '2018'}
2020-05-06 01:23:25 [scrapy] DEBUG: Scraped from <200 https://scholar.google.com/citations?user=ngT8wRgAAAAJ>
{'title': 'Trust and reputation aware geographic routing method for wireless ad hoc networks', 'no_of_citation': '2', 'citation_link': 'https://scholar.google.com/scholar?oi=bibs&hl=en&cites=14476446780471084787', 'year': '2018'}
2020-05-06 01:23:25 [scrapy] DEBUG: Scraped from <200 https://scholar.google.com/citations?user=ngT8wRgAAAAJ>
{'title': 'Trust aware cooperative optimised link state routing protocol', 'no_of_citation': '2', 'citation_link': 'https://scholar.google.com/scholar?oi=bibs&hl=en&cites=17081579071436547014', 'year': '2017'}
2020-05-06 01:23:25 [scrapy] DEBUG: Scraped from <200 https://scholar.google.com/citations?user=ngT8wRgAAAAJ>
{'title': 'Trust aware cooperative routing method for WANETs', 'no_of_citation': '2', 'citation_link': 'https://scholar.google.com/scholar?oi=bibs&hl=en&cites=13281975360342622006', 'year': '2016'}
2020-05-06 01:23:25 [scrapy] DEBUG: Scraped from <200 https://scholar.google.com/citations?user=ngT8wRgAAAAJ>
{'title': 'Performance analysis of trust based geographic routing protocols for Wireless Sensor Networks', 'no_of_citation': '2', 'citation_link': 'https://scholar.google.com/scholar?oi=bibs&hl=en&cites=18028776335983486209', 'year': '2014'}
2020-05-06 01:23:25 [scrapy] DEBUG: Scraped from <200 https://scholar.google.com/citations?user=ngT8wRgAAAAJ>
{'title': 'Detecting location-based attacks in wireless sensor networks using sequential analysis', 'no_of_citation': '1', 'citation_link': 'https://scholar.google.com/scholar?oi=bibs&hl=en&cites=4849736304456295527', 'year': '2015'}
2020-05-06 01:23:25 [scrapy] DEBUG: Scraped from <200 https://scholar.google.com/citations?user=ngT8wRgAAAAJ>
{'title': 'Machine Learning Based Hybrid Model for Fault Detection in Wireless Sensors Data', 'no_of_citation': '0', 'citation_link': '', 'year': '2020'}
2020-05-06 01:23:25 [scrapy] DEBUG: Scraped from <200 https://scholar.google.com/citations?user=ngT8wRgAAAAJ>
{'title': 'A Hybrid Model for Detecting Anomalous Ozone Values', 'no_of_citation': '0', 'citation_link': '', 'year': '2019'}
2020-05-06 01:23:25 [scrapy] DEBUG: Scraped from <200 https://scholar.google.com/citations?user=ngT8wRgAAAAJ>
{'title': 'Anomalous Ozone Measurements Detection Using Unsupervised Machine Learning Methods', 'no_of_citation': '0', 'citation_link': '', 'year': '2019'}
2020-05-06 01:23:25 [scrapy] DEBUG: Scraped from <200 https://scholar.google.com/citations?user=ngT8wRgAAAAJ>
{'title': 'Development of trust management based security methods for wireless ADHOC network', 'no_of_citation': '0', 'citation_link': '', 'year': '2016'}
2020-05-06 01:23:25 [scrapy] DEBUG: Scraped from <200 https://scholar.google.com/citations?user=ngT8wRgAAAAJ>
{'title': 'TESTBED EVALUATION OF SELF-ADAPTIVE TRUST MODEL FOR COOPERATIVE GEOGRAPHIC ROUTING IN WIRELESS SENSOR NETWORKS', 'no_of_citation': '0', 'citation_link': '', 'year': '2016'}
2020-05-06 01:23:25 [scrapy] DEBUG: Scraped from <200 https://scholar.google.com/citations?user=ngT8wRgAAAAJ>
{'title': 'Trust Aware Resilient Geographic Routing in Wireless Ad Hoc and Sensor Networks', 'no_of_citation': '0', 'citation_link': '', 'year': '2015'}
2020-05-06 01:23:25 [scrapy] DEBUG: Scraped from <200 https://scholar.google.com/citations?user=ngT8wRgAAAAJ>
{'title': 'Performance Evaluation of Hierarchical Protocols LEACH, LEACH-C and PEGASIS in NS-2', 'no_of_citation': '0', 'citation_link': '', 'year': '2014'}
2020-05-06 01:23:25 [scrapy] DEBUG: Scraped from <200 https://scholar.google.com/citations?user=ngT8wRgAAAAJ>
{'title': 'Energy Efficient Clustering Algorithms for Wireless Sensor Networks', 'no_of_citation': '0', 'citation_link': '', 'year': '2014'}
2020-05-06 01:23:25 [scrapy] DEBUG: Scraped from <200 https://scholar.google.com/citations?user=ngT8wRgAAAAJ>
{'title': 'A Framework for Dynamic Reconfiguration of Java Based Software', 'no_of_citation': '0', 'citation_link': '', 'year': '2007'}
2020-05-06 01:23:25 [scrapy] DEBUG: Scraped from <200 https://scholar.google.com/citations?user=ngT8wRgAAAAJ>
{'title': 'Token Coherence : A Road Map', 'no_of_citation': '0', 'citation_link': '', 'year': '2005'}
2020-05-06 01:23:25 [scrapy] DEBUG: Scraped from <200 https://scholar.google.com/citations?user=ngT8wRgAAAAJ>
{'title': 'TRACK: COMMUNICATION', 'no_of_citation': '0', 'citation_link': '', 'year': None}
2020-05-06 01:23:25 [scrapy] DEBUG: Scraped from <200 https://scholar.google.com/citations?user=ngT8wRgAAAAJ>
{'title': 'A Framework for Dynamic Reconfiguration of Component Based Applications in Java', 'no_of_citation': '0', 'citation_link': '', 'year': None}
2020-05-06 01:23:25 [scrapy] DEBUG: Scraped from <200 https://scholar.google.com/citations?user=ngT8wRgAAAAJ>
{'title': 'PhD Forum: Trust and Reputation Aware Geographic Routing Scheme for Wireless Ad Hoc and Sensor Networks', 'no_of_citation': '0', 'citation_link': '', 'year': None}
2020-05-06 01:23:27 [scrapy] DEBUG: Crawled (200) <GET https://scholar.google.com/citations?user=ngT8wRgAAAAJ> (referer: None)
2020-05-06 01:23:27 [scrapy] DEBUG: Scraped from <200 https://scholar.google.com/citations?user=ngT8wRgAAAAJ>
{'title': None, 'no_of_citation': '0', 'citation_link': None, 'year': None}
2020-05-06 01:23:27 [scrapy] DEBUG: Scraped from <200 https://scholar.google.com/citations?user=ngT8wRgAAAAJ>
{'title': None, 'no_of_citation': '0', 'citation_link': None, 'year': None}
2020-05-06 01:23:27 [scrapy] DEBUG: Scraped from <200 https://scholar.google.com/citations?user=ngT8wRgAAAAJ>
{'title': None, 'no_of_citation': '0', 'citation_link': None, 'year': None}
2020-05-06 01:23:27 [scrapy] DEBUG: Scraped from <200 https://scholar.google.com/citations?user=ngT8wRgAAAAJ>
{'title': 'Systematic Design of Trust Management Systems for Wireless Sensor Networks: A Review', 'no_of_citation': '24', 'citation_link': 'https://scholar.google.com/scholar?oi=bibs&hl=en&cites=10438299327049367009', 'year': '2014'}
2020-05-06 01:23:27 [scrapy] DEBUG: Scraped from <200 https://scholar.google.com/citations?user=ngT8wRgAAAAJ>
{'title': 'A lightweight Sybil attack detection framework for Wireless Sensor Networks', 'no_of_citation': '22', 'citation_link': 'https://scholar.google.com/scholar?oi=bibs&hl=en&cites=13676029927784182995', 'year': '2014'}
2020-05-06 01:23:27 [scrapy] DEBUG: Scraped from <200 https://scholar.google.com/citations?user=ngT8wRgAAAAJ>
{'title': 'An improved trusted greedy perimeter stateless routing for wireless sensor networks', 'no_of_citation': '15', 'citation_link': 'https://scholar.google.com/scholar?oi=bibs&hl=en&cites=3996275920302953948', 'year': '2014'}
2020-05-06 01:23:27 [scrapy] DEBUG: Scraped from <200 https://scholar.google.com/citations?user=ngT8wRgAAAAJ>
{'title': 'Sybil attack detection using sequential hypothesis testing in wireless sensor networks', 'no_of_citation': '15', 'citation_link': 'https://scholar.google.com/scholar?oi=bibs&hl=en&cites=14887528606987290512', 'year': '2014'}
2020-05-06 01:23:27 [scrapy] DEBUG: Scraped from <200 https://scholar.google.com/citations?user=ngT8wRgAAAAJ>
{'title': 'Trust and location-aware routing protocol for wireless sensor networks', 'no_of_citation': '13', 'citation_link': 'https://scholar.google.com/scholar?oi=bibs&hl=en&cites=3933772464495715077', 'year': '2016'}
2020-05-06 01:23:27 [scrapy] DEBUG: Scraped from <200 https://scholar.google.com/citations?user=ngT8wRgAAAAJ>
{'title': 'DETECTING SYBIL ATTACKS IN WIRELESS SENSOR NETWORKS USING SEQUENTIAL ANALYSIS', 'no_of_citation': '12', 'citation_link': 'https://scholar.google.com/scholar?oi=bibs&hl=en&cites=13114339957381841599', 'year': '2016'}
2020-05-06 01:23:27 [scrapy] DEBUG: Scraped from <200 https://scholar.google.com/citations?user=ngT8wRgAAAAJ>
{'title': 'Self Adaptive Trust Model for Secure Geographic Routing in Wireless Sensor Networks', 'no_of_citation': '12', 'citation_link': 'https://scholar.google.com/scholar?oi=bibs&hl=en&cites=8067986820184966992', 'year': '2015'}
2020-05-06 01:23:27 [scrapy] DEBUG: Scraped from <200 https://scholar.google.com/citations?user=ngT8wRgAAAAJ>
{'title': 'Bt-gpsr: An integrated trust model for secure geographic routing in wireless sensor networks', 'no_of_citation': '12', 'citation_link': 'https://scholar.google.com/scholar?oi=bibs&hl=en&cites=3199798381182763558', 'year': '2014'}
2020-05-06 01:23:27 [scrapy] DEBUG: Scraped from <200 https://scholar.google.com/citations?user=ngT8wRgAAAAJ>
{'title': 'Secure Data Aggregation and Intrusion Detection in Wireless Sensor Networks', 'no_of_citation': '8', 'citation_link': 'https://scholar.google.com/scholar?oi=bibs&hl=en&cites=632867018078538251', 'year': '2015'}
2020-05-06 01:23:27 [scrapy] DEBUG: Scraped from <200 https://scholar.google.com/citations?user=ngT8wRgAAAAJ>
{'title': 'A Taxonomy of Key Management Schemes of Wireless Sensor Networks', 'no_of_citation': '7', 'citation_link': 'https://scholar.google.com/scholar?oi=bibs&hl=en&cites=13363626497299167287', 'year': '2015'}
2020-05-06 01:23:27 [scrapy] DEBUG: Scraped from <200 https://scholar.google.com/citations?user=ngT8wRgAAAAJ>
{'title': 'Generalized trust model for cooperative routing in MANETs', 'no_of_citation': '5', 'citation_link': 'https://scholar.google.com/scholar?oi=bibs&hl=en&cites=3925471142896768605', 'year': '2017'}
2020-05-06 01:23:27 [scrapy] DEBUG: Scraped from <200 https://scholar.google.com/citations?user=ngT8wRgAAAAJ>
{'title': 'Adaptive trust model for secure geographic routing in wireless sensor networks', 'no_of_citation': '5', 'citation_link': 'https://scholar.google.com/scholar?oi=bibs&hl=en&cites=8835902544164365055', 'year': '2014'}
2020-05-06 01:23:27 [scrapy] DEBUG: Scraped from <200 https://scholar.google.com/citations?user=ngT8wRgAAAAJ>
{'title': 'TRUST AWARE DATA AGGREGATION AND INTRUSION DETECTION SYSTEM FOR WIRELESS SENSOR NETWORKS', 'no_of_citation': '4', 'citation_link': 'https://scholar.google.com/scholar?oi=bibs&hl=en&cites=8177388844649979516', 'year': '2016'}
2020-05-06 01:23:27 [scrapy] DEBUG: Scraped from <200 https://scholar.google.com/citations?user=ngT8wRgAAAAJ>
{'title': 'Performance analysis of range free localization methods for wireless sensor networks', 'no_of_citation': '3', 'citation_link': 'https://scholar.google.com/scholar?oi=bibs&hl=en&cites=16709829526155910088', 'year': '2017'}
2020-05-06 01:23:27 [scrapy] DEBUG: Scraped from <200 https://scholar.google.com/citations?user=ngT8wRgAAAAJ>
{'title': 'DV-HOP Based Hybrid Range-Free Localization Methods for Wireless Sensor Networks', 'no_of_citation': '2', 'citation_link': 'https://scholar.google.com/scholar?oi=bibs&hl=en&cites=11114627224835787930', 'year': '2018'}
2020-05-06 01:23:27 [scrapy] DEBUG: Scraped from <200 https://scholar.google.com/citations?user=ngT8wRgAAAAJ>
{'title': 'Trust and reputation aware geographic routing method for wireless ad hoc networks', 'no_of_citation': '2', 'citation_link': 'https://scholar.google.com/scholar?oi=bibs&hl=en&cites=14476446780471084787', 'year': '2018'}
2020-05-06 01:23:27 [scrapy] DEBUG: Scraped from <200 https://scholar.google.com/citations?user=ngT8wRgAAAAJ>
{'title': 'Trust aware cooperative optimised link state routing protocol', 'no_of_citation': '2', 'citation_link': 'https://scholar.google.com/scholar?oi=bibs&hl=en&cites=17081579071436547014', 'year': '2017'}
2020-05-06 01:23:27 [scrapy] DEBUG: Scraped from <200 https://scholar.google.com/citations?user=ngT8wRgAAAAJ>
{'title': 'Trust aware cooperative routing method for WANETs', 'no_of_citation': '2', 'citation_link': 'https://scholar.google.com/scholar?oi=bibs&hl=en&cites=13281975360342622006', 'year': '2016'}
2020-05-06 01:23:27 [scrapy] DEBUG: Scraped from <200 https://scholar.google.com/citations?user=ngT8wRgAAAAJ>
{'title': 'Performance analysis of trust based geographic routing protocols for Wireless Sensor Networks', 'no_of_citation': '2', 'citation_link': 'https://scholar.google.com/scholar?oi=bibs&hl=en&cites=18028776335983486209', 'year': '2014'}
2020-05-06 01:23:27 [scrapy] DEBUG: Scraped from <200 https://scholar.google.com/citations?user=ngT8wRgAAAAJ>
{'title': 'Detecting location-based attacks in wireless sensor networks using sequential analysis', 'no_of_citation': '1', 'citation_link': 'https://scholar.google.com/scholar?oi=bibs&hl=en&cites=4849736304456295527', 'year': '2015'}
2020-05-06 01:23:27 [scrapy] INFO: Closing spider (finished)
2020-05-06 01:23:27 [scrapy] INFO: Dumping Scrapy stats:
{'downloader/request_bytes': 1338,
 'downloader/request_count': 2,
 'downloader/request_method_count/GET': 1,
 'downloader/request_method_count/POST': 1,
 'downloader/response_bytes': 178766,
 'downloader/response_count': 2,
 'downloader/response_status_count/200': 2,
 'elapsed_time_seconds': 13.019592,
 'finish_reason': 'finished',
 'finish_time': datetime.datetime(2020, 5, 5, 19, 53, 27, 862136),
 'item_scraped_count': 59,
 'log_count/DEBUG': 61,
 'log_count/INFO': 7,
 'memusage/max': 57671680,
 'memusage/startup': 57671680,
 'response_received_count': 2,
 'scheduler/dequeued': 3,
 'scheduler/dequeued/memory': 3,
 'scheduler/enqueued': 3,
 'scheduler/enqueued/memory': 3,
 'splash/execute/request_count': 1,
 'splash/execute/response_count/200': 1,
 'start_time': datetime.datetime(2020, 5, 5, 19, 53, 14, 842544)}
2020-05-06 01:23:27 [scrapy] INFO: Spider closed (finished)
