2020-05-06 02:17:38 [scrapy] ERROR: Error while obtaining start requests
Traceback (most recent call last):
  File "/usr/lib/python3.8/site-packages/scrapy/core/engine.py", line 127, in _next_request
    request = next(slot.start_requests)
  File "/home/lalit/.local/lib/python3.8/site-packages/scrapy_splash/middleware.py", line 167, in process_start_requests
    for req in start_requests:
  File "/run/media/lalit/Work/scrapy-googlescholar/topl_project/topl_project/spiders/1.py", line 47, in start_requests
    yield scrapy.Request(client.scrapyGet(url), self.parse)
NameError: name 'url' is not defined
2020-05-06 02:17:45 [scrapy] DEBUG: Crawled (200) <GET https://scholar.google.com/citations?user=ngT8wRgAAAAJ> (referer: None)
2020-05-06 02:17:45 [scrapy] INFO: Closing spider (finished)
2020-05-06 02:17:45 [scrapy] INFO: Dumping Scrapy stats:
{'downloader/request_bytes': 330,
 'downloader/request_count': 1,
 'downloader/request_method_count/GET': 1,
 'downloader/response_bytes': 34402,
 'downloader/response_count': 1,
 'downloader/response_status_count/200': 1,
 'elapsed_time_seconds': 7.614823,
 'finish_reason': 'finished',
 'finish_time': datetime.datetime(2020, 5, 5, 20, 47, 45, 746017),
 'log_count/DEBUG': 1,
 'log_count/ERROR': 1,
 'log_count/INFO': 7,
 'memusage/max': 61743104,
 'memusage/startup': 61743104,
 'response_received_count': 1,
 'scheduler/dequeued': 1,
 'scheduler/dequeued/memory': 1,
 'scheduler/enqueued': 1,
 'scheduler/enqueued/memory': 1,
 'start_time': datetime.datetime(2020, 5, 5, 20, 47, 38, 131194)}
2020-05-06 02:17:45 [scrapy] INFO: Spider closed (finished)
