2020-05-06 02:21:45 [scrapy] ERROR: Error while obtaining start requests
Traceback (most recent call last):
  File "/usr/lib/python3.8/site-packages/scrapy/core/engine.py", line 127, in _next_request
    request = next(slot.start_requests)
  File "/home/lalit/.local/lib/python3.8/site-packages/scrapy_splash/middleware.py", line 167, in process_start_requests
    for req in start_requests:
  File "/run/media/lalit/Work/scrapy-googlescholar/topl_project/topl_project/spiders/1.py", line 47, in start_requests
    client = ScraperAPIClient('2fc4e63d5f880644a1b7063583fdc796')
NameError: name 'url' is not defined
2020-05-06 02:21:45 [scrapy] DEBUG: Redirecting (302) to <GET https://www.google.com/sorry/index?continue=https://scholar.google.com/scholar%3Foi%3Dbibs%26hl%3Den%26cites%3D10438299327049367009&hl=en&q=EgR6sdB2GN2jx_UFIhkA8aeDSzDiANEt7A0mOOYfbs1MnhKnqGrXMgFy> from <GET https://scholar.google.com/scholar?oi=bibs&hl=en&cites=10438299327049367009>
2020-05-06 02:21:45 [scrapy] DEBUG: Retrying <GET https://www.google.com/sorry/index?continue=https://scholar.google.com/scholar%3Foi%3Dbibs%26hl%3Den%26cites%3D10438299327049367009&hl=en&q=EgR6sdB2GN2jx_UFIhkA8aeDSzDiANEt7A0mOOYfbs1MnhKnqGrXMgFy> (failed 1 times): 429 Unknown Status
2020-05-06 02:21:46 [scrapy] DEBUG: Retrying <GET https://www.google.com/sorry/index?continue=https://scholar.google.com/scholar%3Foi%3Dbibs%26hl%3Den%26cites%3D10438299327049367009&hl=en&q=EgR6sdB2GN2jx_UFIhkA8aeDSzDiANEt7A0mOOYfbs1MnhKnqGrXMgFy> (failed 2 times): 429 Unknown Status
2020-05-06 02:21:46 [scrapy] DEBUG: Gave up retrying <GET https://www.google.com/sorry/index?continue=https://scholar.google.com/scholar%3Foi%3Dbibs%26hl%3Den%26cites%3D10438299327049367009&hl=en&q=EgR6sdB2GN2jx_UFIhkA8aeDSzDiANEt7A0mOOYfbs1MnhKnqGrXMgFy> (failed 3 times): 429 Unknown Status
2020-05-06 02:21:46 [scrapy] DEBUG: Crawled (429) <GET https://www.google.com/sorry/index?continue=https://scholar.google.com/scholar%3Foi%3Dbibs%26hl%3Den%26cites%3D10438299327049367009&hl=en&q=EgR6sdB2GN2jx_UFIhkA8aeDSzDiANEt7A0mOOYfbs1MnhKnqGrXMgFy> (referer: None)
2020-05-06 02:21:46 [scrapy] INFO: Ignoring response <429 https://www.google.com/sorry/index?continue=https://scholar.google.com/scholar%3Foi%3Dbibs%26hl%3Den%26cites%3D10438299327049367009&hl=en&q=EgR6sdB2GN2jx_UFIhkA8aeDSzDiANEt7A0mOOYfbs1MnhKnqGrXMgFy>: HTTP status code is not handled or not allowed
2020-05-06 02:21:46 [scrapy] INFO: Closing spider (finished)
2020-05-06 02:21:46 [scrapy] INFO: Dumping Scrapy stats:
{'downloader/request_bytes': 1767,
 'downloader/request_count': 4,
 'downloader/request_method_count/GET': 4,
 'downloader/response_bytes': 11259,
 'downloader/response_count': 4,
 'downloader/response_status_count/302': 1,
 'downloader/response_status_count/429': 3,
 'elapsed_time_seconds': 1.628248,
 'finish_reason': 'finished',
 'finish_time': datetime.datetime(2020, 5, 5, 20, 51, 46, 710152),
 'httperror/response_ignored_count': 1,
 'httperror/response_ignored_status_count/429': 1,
 'log_count/DEBUG': 5,
 'log_count/ERROR': 1,
 'log_count/INFO': 8,
 'memusage/max': 61853696,
 'memusage/startup': 61853696,
 'response_received_count': 1,
 'retry/count': 2,
 'retry/max_reached': 1,
 'retry/reason_count/429 Unknown Status': 2,
 'scheduler/dequeued': 4,
 'scheduler/dequeued/memory': 4,
 'scheduler/enqueued': 4,
 'scheduler/enqueued/memory': 4,
 'start_time': datetime.datetime(2020, 5, 5, 20, 51, 45, 81904)}
2020-05-06 02:21:46 [scrapy] INFO: Spider closed (finished)
