2020-05-04 15:06:32 [scrapy] ERROR: Error while obtaining start requests
Traceback (most recent call last):
  File "/usr/lib/python3.8/site-packages/scrapy/core/engine.py", line 127, in _next_request
    request = next(slot.start_requests)
  File "/home/lalit/.local/lib/python3.8/site-packages/scrapy_splash/middleware.py", line 167, in process_start_requests
    for req in start_requests:
  File "/run/media/lalit/Work/scrapy-googlescholar/topl_project/topl_project/spiders/papers.py", line 8, in start_requests
    uid=getattr(self, 'uid')
AttributeError: 'pprSpider' object has no attribute 'uid'
2020-05-04 15:06:32 [scrapy] INFO: Closing spider (finished)
2020-05-04 15:06:32 [scrapy] INFO: Dumping Scrapy stats:
{'elapsed_time_seconds': 0.002021,
 'finish_reason': 'finished',
 'finish_time': datetime.datetime(2020, 5, 4, 9, 36, 32, 154660),
 'log_count/ERROR': 1,
 'log_count/INFO': 7,
 'memusage/max': 51867648,
 'memusage/startup': 51867648,
 'start_time': datetime.datetime(2020, 5, 4, 9, 36, 32, 152639)}
2020-05-04 15:06:32 [scrapy] INFO: Spider closed (finished)
