2020-05-04 15:04:51 [scrapy] ERROR: Error while obtaining start requests
Traceback (most recent call last):
  File "/usr/lib/python3.8/site-packages/scrapy/core/engine.py", line 127, in _next_request
    request = next(slot.start_requests)
  File "/home/lalit/.local/lib/python3.8/site-packages/scrapy_splash/middleware.py", line 167, in process_start_requests
    for req in start_requests:
  File "/run/media/lalit/Work/scrapy-googlescholar/topl_project/topl_project/spiders/papers.py", line 8, in start_requests
    uid=getattr(self, 'id')
AttributeError: 'pprSpider' object has no attribute 'id'
2020-05-04 15:04:51 [scrapy] INFO: Closing spider (finished)
2020-05-04 15:04:51 [scrapy] INFO: Dumping Scrapy stats:
{'elapsed_time_seconds': 0.001476,
 'finish_reason': 'finished',
 'finish_time': datetime.datetime(2020, 5, 4, 9, 34, 51, 726266),
 'log_count/ERROR': 1,
 'log_count/INFO': 7,
 'memusage/max': 52416512,
 'memusage/startup': 52416512,
 'start_time': datetime.datetime(2020, 5, 4, 9, 34, 51, 724790)}
2020-05-04 15:04:51 [scrapy] INFO: Spider closed (finished)
