2020-05-04 16:20:11 [scrapy] DEBUG: Redirecting (302) to <GET https://accounts.google.com/Login?hl=en&continue=https://scholar.google.co.in/citations&service=citations> from <GET https://scholar.google.co.in/citations>
2020-05-04 16:20:17 [scrapy] DEBUG: Crawled (200) <GET https://accounts.google.com/Login?hl=en&continue=https://scholar.google.co.in/citations&service=citations> (referer: None)
2020-05-04 16:20:18 [scrapy] INFO: Closing spider (finished)
2020-05-04 16:20:18 [scrapy] INFO: Dumping Scrapy stats:
{'downloader/request_bytes': 523,
 'downloader/request_count': 2,
 'downloader/request_method_count/GET': 2,
 'downloader/response_bytes': 73512,
 'downloader/response_count': 2,
 'downloader/response_status_count/200': 1,
 'downloader/response_status_count/302': 1,
 'elapsed_time_seconds': 8.233974,
 'finish_reason': 'finished',
 'finish_time': datetime.datetime(2020, 5, 4, 10, 50, 18, 88449),
 'log_count/DEBUG': 2,
 'log_count/INFO': 7,
 'memusage/max': 51773440,
 'memusage/startup': 51773440,
 'response_received_count': 1,
 'scheduler/dequeued': 2,
 'scheduler/dequeued/memory': 2,
 'scheduler/enqueued': 2,
 'scheduler/enqueued/memory': 2,
 'start_time': datetime.datetime(2020, 5, 4, 10, 50, 9, 854475)}
2020-05-04 16:20:18 [scrapy] INFO: Spider closed (finished)
