2020-05-04 15:07:29 [scrapy] DEBUG: Redirecting (302) to <GET https://accounts.google.com/Login?hl=en&continue=https://scholar.google.co.in/citations%3Fhl%3Den&service=citations> from <GET https://scholar.google.co.in/citations?hl=en>
2020-05-04 15:07:29 [scrapy] DEBUG: Crawled (200) <GET https://accounts.google.com/Login?hl=en&continue=https://scholar.google.co.in/citations%3Fhl%3Den&service=citations> (referer: None)
2020-05-04 15:07:29 [scrapy] INFO: Closing spider (finished)
2020-05-04 15:07:29 [scrapy] INFO: Dumping Scrapy stats:
{'downloader/request_bytes': 539,
 'downloader/request_count': 2,
 'downloader/request_method_count/GET': 2,
 'downloader/response_bytes': 74070,
 'downloader/response_count': 2,
 'downloader/response_status_count/200': 1,
 'downloader/response_status_count/302': 1,
 'elapsed_time_seconds': 2.450045,
 'finish_reason': 'finished',
 'finish_time': datetime.datetime(2020, 5, 4, 9, 37, 29, 728693),
 'log_count/DEBUG': 2,
 'log_count/INFO': 7,
 'memusage/max': 52637696,
 'memusage/startup': 52637696,
 'response_received_count': 1,
 'scheduler/dequeued': 2,
 'scheduler/dequeued/memory': 2,
 'scheduler/enqueued': 2,
 'scheduler/enqueued/memory': 2,
 'start_time': datetime.datetime(2020, 5, 4, 9, 37, 27, 278648)}
2020-05-04 15:07:29 [scrapy] INFO: Spider closed (finished)
