2020-05-04 13:17:21 [scrapy] DEBUG: Crawled (200) <GET https://scholar.google.co.in/citations?user=ngT8wRgAAAAJ via http://0.0.0.0:8050/execute> (referer: None) ['cached']
2020-05-04 13:17:22 [scrapy] DEBUG: Crawled (200) <GET https://scholar.google.co.in/citations?user=ngT8wRgAAAAJ> (referer: https://scholar.google.co.in/citations?user=ngT8wRgAAAAJ) ['cached']
2020-05-04 13:17:22 [scrapy] DEBUG: Filtered duplicate request: <GET https://scholar.google.co.in/citations?user=ngT8wRgAAAAJ> - no more duplicates will be shown (see DUPEFILTER_DEBUG to show all duplicates)
2020-05-04 13:17:22 [scrapy] DEBUG: Crawled (200) <GET https://scholar.google.co.in/scholar?oi=bibs&hl=en&cites=13114339957381841599> (referer: https://scholar.google.co.in/citations?user=ngT8wRgAAAAJ) ['cached']
2020-05-04 13:17:22 [scrapy] DEBUG: Crawled (200) <GET https://scholar.google.co.in/scholar?oi=bibs&hl=en&cites=3933772464495715077> (referer: https://scholar.google.co.in/citations?user=ngT8wRgAAAAJ) ['cached']
2020-05-04 13:17:22 [scrapy] DEBUG: Crawled (200) <GET https://scholar.google.co.in/scholar?oi=bibs&hl=en&cites=14887528606987290512> (referer: https://scholar.google.co.in/citations?user=ngT8wRgAAAAJ) ['cached']
2020-05-04 13:17:22 [scrapy] DEBUG: Crawled (200) <GET https://scholar.google.co.in/scholar?oi=bibs&hl=en&cites=3996275920302953948> (referer: https://scholar.google.co.in/citations?user=ngT8wRgAAAAJ) ['cached']
2020-05-04 13:17:22 [scrapy] DEBUG: Crawled (200) <GET https://scholar.google.co.in/scholar?oi=bibs&hl=en&cites=13676029927784182995> (referer: https://scholar.google.co.in/citations?user=ngT8wRgAAAAJ) ['cached']
2020-05-04 13:17:22 [scrapy] DEBUG: Crawled (200) <GET https://scholar.google.co.in/scholar?oi=bibs&hl=en&cites=10438299327049367009> (referer: https://scholar.google.co.in/citations?user=ngT8wRgAAAAJ) ['cached']
2020-05-04 13:17:22 [scrapy] DEBUG: Crawled (200) <GET https://scholar.google.co.in/scholar?oi=bibs&hl=en&cites=11114627224835787930> (referer: https://scholar.google.co.in/citations?user=ngT8wRgAAAAJ) ['cached']
2020-05-04 13:17:22 [scrapy] DEBUG: Crawled (200) <GET https://scholar.google.co.in/scholar?oi=bibs&hl=en&cites=16709829526155910088> (referer: https://scholar.google.co.in/citations?user=ngT8wRgAAAAJ) ['cached']
2020-05-04 13:17:22 [scrapy] DEBUG: Crawled (200) <GET https://scholar.google.co.in/scholar?oi=bibs&hl=en&cites=8177388844649979516> (referer: https://scholar.google.co.in/citations?user=ngT8wRgAAAAJ) ['cached']
2020-05-04 13:17:22 [scrapy] DEBUG: Crawled (200) <GET https://scholar.google.co.in/scholar?oi=bibs&hl=en&cites=8835902544164365055> (referer: https://scholar.google.co.in/citations?user=ngT8wRgAAAAJ) ['cached']
2020-05-04 13:17:22 [scrapy] DEBUG: Crawled (200) <GET https://scholar.google.co.in/scholar?oi=bibs&hl=en&cites=3925471142896768605> (referer: https://scholar.google.co.in/citations?user=ngT8wRgAAAAJ) ['cached']
2020-05-04 13:17:22 [scrapy] DEBUG: Crawled (200) <GET https://scholar.google.co.in/scholar?oi=bibs&hl=en&cites=13363626497299167287> (referer: https://scholar.google.co.in/citations?user=ngT8wRgAAAAJ) ['cached']
2020-05-04 13:17:22 [scrapy] DEBUG: Crawled (200) <GET https://scholar.google.co.in/scholar?oi=bibs&hl=en&cites=632867018078538251> (referer: https://scholar.google.co.in/citations?user=ngT8wRgAAAAJ) ['cached']
2020-05-04 13:17:22 [scrapy] DEBUG: Crawled (200) <GET https://scholar.google.co.in/scholar?oi=bibs&hl=en&cites=3199798381182763558> (referer: https://scholar.google.co.in/citations?user=ngT8wRgAAAAJ) ['cached']
2020-05-04 13:17:22 [scrapy] DEBUG: Crawled (200) <GET https://scholar.google.co.in/scholar?oi=bibs&hl=en&cites=8067986820184966992> (referer: https://scholar.google.co.in/citations?user=ngT8wRgAAAAJ) ['cached']
2020-05-04 13:17:22 [scrapy] DEBUG: Crawled (200) <GET https://scholar.google.co.in/scholar?oi=bibs&hl=en&cites=4849736304456295527> (referer: https://scholar.google.co.in/citations?user=ngT8wRgAAAAJ) ['cached']
2020-05-04 13:17:22 [scrapy] DEBUG: Crawled (200) <GET https://scholar.google.co.in/scholar?oi=bibs&hl=en&cites=18028776335983486209> (referer: https://scholar.google.co.in/citations?user=ngT8wRgAAAAJ) ['cached']
2020-05-04 13:17:22 [scrapy] DEBUG: Crawled (200) <GET https://scholar.google.co.in/scholar?oi=bibs&hl=en&cites=13281975360342622006> (referer: https://scholar.google.co.in/citations?user=ngT8wRgAAAAJ) ['cached']
2020-05-04 13:17:22 [scrapy] DEBUG: Crawled (200) <GET https://scholar.google.co.in/scholar?oi=bibs&hl=en&cites=17081579071436547014> (referer: https://scholar.google.co.in/citations?user=ngT8wRgAAAAJ) ['cached']
2020-05-04 13:17:22 [scrapy] DEBUG: Crawled (200) <GET https://scholar.google.co.in/scholar?oi=bibs&hl=en&cites=14476446780471084787> (referer: https://scholar.google.co.in/citations?user=ngT8wRgAAAAJ) ['cached']
2020-05-04 13:17:22 [scrapy] DEBUG: Scraped from <200 https://scholar.google.co.in/citations?user=ngT8wRgAAAAJ>
{'title': None, 'no. of citation': None, 'Citation Link': None, 'year': None}
2020-05-04 13:17:22 [scrapy] DEBUG: Scraped from <200 https://scholar.google.co.in/scholar?oi=bibs&hl=en&cites=13114339957381841599>
{'title': 'DETECTING SYBIL ATTACKS IN WIRELESS SENSOR NETWORKS USING SEQUENTIAL ANALYSIS', 'no. of citation': '12', 'Citation Link': 'https://scholar.google.co.in/scholar?oi=bibs&hl=en&cites=13114339957381841599', 'year': '2016', 'citations': ['Malware propagation in Wireless Sensor Networks: global models vs Individual-based models', 'Analysis on Security Methods of Wireless Sensor Network (WSN)', 'Review on the various Sybil Attack Detection Techniques in Wireless Sensor Network', 'Detection & Prevention of Sinkhole Attack in MANET', 'A Novel Technique to Detect and Prevent Spoofed Flooding Attack in MANETs', 'DV-HOP Based Hybrid Range-Free Localization Methods for Wireless Sensor Networks', 'Unmasking non-simultaneous sybils in mobile opportunistic networks']}
2020-05-04 13:17:22 [scrapy] DEBUG: Scraped from <200 https://scholar.google.co.in/scholar?oi=bibs&hl=en&cites=3933772464495715077>
{'title': 'Trust and location-aware routing protocol for wireless sensor networks', 'no. of citation': '13', 'Citation Link': 'https://scholar.google.co.in/scholar?oi=bibs&hl=en&cites=3933772464495715077', 'year': '2016', 'citations': ['Modified energy-efficient range-free localization using teaching–learning-based optimization for wireless sensor networks', 'Research on secure localization model based on trust valuation in wireless sensor networks', 'An energy efficient trust aware opportunistic routing protocol for wireless sensor network', 'An energy efficient and trust management based opportunistic routing metric for wireless sensor networks', 'Trust and packet load balancing based secure opportunistic routing protocol for WSN', 'Trust Model of Wireless Sensor Networks Based on Shannon Entropy', 'Reputation-based Energy Efficient Opportunistic Routing for Wireless Sensor Network', 'An energy efficient based opportunistic routing metric for wireless sensor networks', 'Security and Privacy in Emerging Wireless Networks', 'A comparative analysis of quality parameters in wireless sensor network with different techniques: a survey']}
2020-05-04 13:17:22 [scrapy] DEBUG: Scraped from <200 https://scholar.google.co.in/scholar?oi=bibs&hl=en&cites=14887528606987290512>
{'title': 'Sybil attack detection using sequential hypothesis testing in wireless sensor networks', 'no. of citation': '15', 'Citation Link': 'https://scholar.google.co.in/scholar?oi=bibs&hl=en&cites=14887528606987290512', 'year': '2014', 'citations': ['Analytical model for sybil attack phases in internet of things', 'Impacts of routing attacks on surveillance wireless sensor networks', 'Review on the various Sybil Attack Detection Techniques in Wireless Sensor Network', 'Wireless Sensor Networks Security: State of the Art', 'Security Analysis of Wireless Sensor Network', 'Detecting location-based attacks in wireless sensor networks using sequential analysis', 'A Survey on Detection of Sybil Attack in Wireless Sensor Network', 'Performance Evaluation of Sybil Attack in Cyber Physical System', 'International Journal of Trend in Scientific Research and Development (IJTSRD)']}
2020-05-04 13:17:22 [scrapy] DEBUG: Scraped from <200 https://scholar.google.co.in/scholar?oi=bibs&hl=en&cites=3996275920302953948>
{'title': 'An improved trusted greedy perimeter stateless routing for wireless sensor networks', 'no. of citation': '15', 'Citation Link': 'https://scholar.google.co.in/scholar?oi=bibs&hl=en&cites=3996275920302953948', 'year': '2014', 'citations': ['Fuzzy based energy efficient multiple cluster head selection routing protocol for wireless sensor networks', 'Trust mechanisms to secure routing in wireless sensor networks: Current state of the research and open research issues', 'Self adaptive trust model for secure geographic routing in wireless sensor networks', 'LEFT: A latency and energy efficient flexible TDMA protocol for wireless sensor networks', 'Energy-efficient and delay-aware distributed routing with cooperative transmission for Internet of Things', 'Trust aware cooperative routing method for WANETs', 'A robust trust model for wireless sensor networks', 'Frog-Based Routing Algorithm to Enhance the Network Lifetime of Wireless Sensor Networks', 'DOMINION SYSTEMATIZED ASSOCIATION NEW ROUTING PATH USING BFSALGORITHM', 'PTAP: Pair Key Based Trust Authentication Protocol for Authentication in Wireless Sensor Network']}
2020-05-04 13:17:22 [scrapy] DEBUG: Scraped from <200 https://scholar.google.co.in/scholar?oi=bibs&hl=en&cites=13676029927784182995>
{'title': 'A lightweight Sybil attack detection framework for Wireless Sensor Networks', 'no. of citation': '22', 'Citation Link': 'https://scholar.google.co.in/scholar?oi=bibs&hl=en&cites=13676029927784182995', 'year': '2014', 'citations': ['A Lightweight Detection Mechanism against Sybil Attack in Wireless Sensor Network.', 'Evaluation of Sybil attack detection approaches in the Internet of Things content dissemination', 'Localization of Sybil nodes with electro-acoustic positioning in VANETs', 'A secure positioning algorithm against sybil attack in wireless sensor networks based on number allocating', 'Review on the various Sybil Attack Detection Techniques in Wireless Sensor Network', 'Preventing sybil attack in wireless sensor networks', 'Wireless Sensor Networks Security: State of the Art', 'Detecting location-based attacks in wireless sensor networks using sequential analysis', 'Prevention of Sybil Attack using Cryptography in Wireless Sensor Networks', 'Efficient Defense Mechanism against Sybil Attack in Wireless Sensor Network']}
2020-05-04 13:17:22 [scrapy] DEBUG: Scraped from <200 https://scholar.google.co.in/scholar?oi=bibs&hl=en&cites=10438299327049367009>
{'title': 'Systematic Design of Trust Management Systems for Wireless Sensor Networks: A Review', 'no. of citation': '24', 'Citation Link': 'https://scholar.google.co.in/scholar?oi=bibs&hl=en&cites=10438299327049367009', 'year': '2014', 'citations': ['An improved trusted greedy perimeter stateless routing for wireless sensor networks', 'Using trust and local reputation for group formation in the cloud of things', 'Self adaptive trust model for secure geographic routing in wireless sensor networks', 'Bt-gpsr: An integrated trust model for secure geographic routing in wireless sensor networks', 'Trust and location-aware routing protocol for wireless sensor networks', 'Secure data aggregation and intrusion detection in wireless sensor networks', 'A lightweight and dependable trust model for clustered wireless sensor networks', 'Adaptive trust model for secure geographic routing in wireless sensor networks', 'Trust aware data aggregation and intrusion detection system for Wireless Sensor Networks', 'Generalized trust model for cooperative routing in MANETs']}
2020-05-04 13:17:22 [scrapy] DEBUG: Scraped from <200 https://scholar.google.co.in/scholar?oi=bibs&hl=en&cites=11114627224835787930>
{'title': 'DV-HOP Based Hybrid Range-Free Localization Methods for Wireless Sensor Networks', 'no. of citation': '2', 'Citation Link': 'https://scholar.google.co.in/scholar?oi=bibs&hl=en&cites=11114627224835787930', 'year': '2018', 'citations': ['Grey Model Prediction Based Monte Carlo Localization Boxed Algorithm for Wireless Sensor Network', 'An Improved DV-Hop Localization Algorithm Based on Error Vector Modification for Wireless Sensor Network']}
2020-05-04 13:17:22 [scrapy] DEBUG: Scraped from <200 https://scholar.google.co.in/scholar?oi=bibs&hl=en&cites=16709829526155910088>
{'title': 'Performance analysis of range free localization methods for wireless sensor networks', 'no. of citation': '3', 'Citation Link': 'https://scholar.google.co.in/scholar?oi=bibs&hl=en&cites=16709829526155910088', 'year': '2017', 'citations': ['A Node Localization Algorithm in WSNs Based on Iterative Estimation', 'DV-HOP Based Hybrid Range-Free Localization Methods for Wireless Sensor Networks', 'An Improved Centroid Localization Algorithm Based on Virtual Beacon Nodes for WSNs']}
2020-05-04 13:17:22 [scrapy] DEBUG: Scraped from <200 https://scholar.google.co.in/scholar?oi=bibs&hl=en&cites=8177388844649979516>
{'title': 'TRUST AWARE DATA AGGREGATION AND INTRUSION DETECTION SYSTEM FOR WIRELESS SENSOR NETWORKS', 'no. of citation': '4', 'Citation Link': 'https://scholar.google.co.in/scholar?oi=bibs&hl=en&cites=8177388844649979516', 'year': '2016', 'citations': ['Features, operation principle and limits of SPI and I 2 C communication protocols for smart objects: a novel SPI-based hybrid protocol especially suitable for IoT\xa0…', 'Trust based data gathering in wireless sensor network', 'A hybrid behavioural-based cyber intrusion detection system']}
2020-05-04 13:17:22 [scrapy] DEBUG: Scraped from <200 https://scholar.google.co.in/scholar?oi=bibs&hl=en&cites=8835902544164365055>
{'title': 'Adaptive trust model for secure geographic routing in wireless sensor networks', 'no. of citation': '5', 'Citation Link': 'https://scholar.google.co.in/scholar?oi=bibs&hl=en&cites=8835902544164365055', 'year': '2014', 'citations': ['Performance analysis of trust based geographic routing protocols for Wireless Sensor Networks', 'FEESR: framework for energy efficient secured routing in heterogeneous sensor network', 'TESTBED EVALUATION OF SELF-ADAPTIVE TRUST MODEL FOR COOPERATIVE GEOGRAPHIC ROUTING IN WIRELESS SENSOR NETWORKS', 'Trust and reputation aware geographic routing method for wireless ad hoc networks', 'Trust Aware Resilient Geographic Routing in Wireless Ad Hoc and Sensor Networks']}
2020-05-04 13:17:22 [scrapy] DEBUG: Scraped from <200 https://scholar.google.co.in/scholar?oi=bibs&hl=en&cites=3925471142896768605>
{'title': 'Generalized trust model for cooperative routing in MANETs', 'no. of citation': '5', 'Citation Link': 'https://scholar.google.co.in/scholar?oi=bibs&hl=en&cites=3925471142896768605', 'year': '2017', 'citations': ['A kind of new method of intelligent trust engineering metrics (ITEM) for application of mobile ad hoc network', 'A dummy packet-based hybrid security framework for mitigating routing misbehavior in multi-hop wireless networks', 'Tanimoto Support Vector Regressive Linear Program Boost Based Node Trust Evaluation for Secure Communication in MANET', 'E2-SR: a novel energy-efficient secure routing scheme to protect MANET-IoT', 'Defending against false data attacks in 3D grid-based MANET using soft computing approaches']}
2020-05-04 13:17:22 [scrapy] DEBUG: Scraped from <200 https://scholar.google.co.in/scholar?oi=bibs&hl=en&cites=13363626497299167287>
{'title': 'A Taxonomy of Key Management Schemes of Wireless Sensor Networks', 'no. of citation': '7', 'Citation Link': 'https://scholar.google.co.in/scholar?oi=bibs&hl=en&cites=13363626497299167287', 'year': '2015'}
2020-05-04 13:17:22 [scrapy] DEBUG: Scraped from <200 https://scholar.google.co.in/scholar?oi=bibs&hl=en&cites=632867018078538251>
{'title': 'Secure Data Aggregation and Intrusion Detection in Wireless Sensor Networks', 'no. of citation': '8', 'Citation Link': 'https://scholar.google.co.in/scholar?oi=bibs&hl=en&cites=632867018078538251', 'year': '2015'}
2020-05-04 13:17:22 [scrapy] DEBUG: Scraped from <200 https://scholar.google.co.in/scholar?oi=bibs&hl=en&cites=3199798381182763558>
{'title': 'Bt-gpsr: An integrated trust model for secure geographic routing in wireless sensor networks', 'no. of citation': '12', 'Citation Link': 'https://scholar.google.co.in/scholar?oi=bibs&hl=en&cites=3199798381182763558', 'year': '2014'}
2020-05-04 13:17:22 [scrapy] DEBUG: Scraped from <200 https://scholar.google.co.in/scholar?oi=bibs&hl=en&cites=8067986820184966992>
{'title': 'Self Adaptive Trust Model for Secure Geographic Routing in Wireless Sensor Networks', 'no. of citation': '12', 'Citation Link': 'https://scholar.google.co.in/scholar?oi=bibs&hl=en&cites=8067986820184966992', 'year': '2015'}
2020-05-04 13:17:22 [scrapy] DEBUG: Scraped from <200 https://scholar.google.co.in/scholar?oi=bibs&hl=en&cites=4849736304456295527>
{'title': 'Detecting location-based attacks in wireless sensor networks using sequential analysis', 'no. of citation': '1', 'Citation Link': 'https://scholar.google.co.in/scholar?oi=bibs&hl=en&cites=4849736304456295527', 'year': '2015'}
2020-05-04 13:17:22 [scrapy] DEBUG: Scraped from <200 https://scholar.google.co.in/scholar?oi=bibs&hl=en&cites=18028776335983486209>
{'title': 'Performance analysis of trust based geographic routing protocols for Wireless Sensor Networks', 'no. of citation': '2', 'Citation Link': 'https://scholar.google.co.in/scholar?oi=bibs&hl=en&cites=18028776335983486209', 'year': '2014'}
2020-05-04 13:17:22 [scrapy] DEBUG: Scraped from <200 https://scholar.google.co.in/scholar?oi=bibs&hl=en&cites=13281975360342622006>
{'title': 'Trust aware cooperative routing method for WANETs', 'no. of citation': '2', 'Citation Link': 'https://scholar.google.co.in/scholar?oi=bibs&hl=en&cites=13281975360342622006', 'year': '2016', 'citations': ['Honesty Based Democratic Scheme to Improve Community Cooperation for IoT Based Vehicular Delay Tolerant Networks', 'IPS: Incentive and Punishment Scheme for Omitting Selfishness in the Internet of Vehicles (Iov)']}
2020-05-04 13:17:22 [scrapy] DEBUG: Scraped from <200 https://scholar.google.co.in/scholar?oi=bibs&hl=en&cites=17081579071436547014>
{'title': 'Trust aware cooperative optimised link state routing protocol', 'no. of citation': '2', 'Citation Link': 'https://scholar.google.co.in/scholar?oi=bibs&hl=en&cites=17081579071436547014', 'year': '2017', 'citations': ['Black hole attack detection and ignoring in OLSR protocol', 'Denial of services attack in wireless networks']}
2020-05-04 13:17:22 [scrapy] DEBUG: Scraped from <200 https://scholar.google.co.in/scholar?oi=bibs&hl=en&cites=14476446780471084787>
{'title': 'Trust and reputation aware geographic routing method for wireless ad hoc networks', 'no. of citation': '2', 'Citation Link': 'https://scholar.google.co.in/scholar?oi=bibs&hl=en&cites=14476446780471084787', 'year': '2018', 'citations': ['A kind of new method of intelligent trust engineering metrics (ITEM) for application of mobile ad hoc network', 'A Framework for Trustworthy Web Service Composition and Optimization']}
2020-05-04 13:17:22 [scrapy] INFO: Closing spider (finished)
2020-05-04 13:17:22 [scrapy] INFO: Dumping Scrapy stats:
{'downloader/request_bytes': 12275,
 'downloader/request_count': 22,
 'downloader/request_method_count/GET': 21,
 'downloader/request_method_count/POST': 1,
 'downloader/response_bytes': 840640,
 'downloader/response_count': 22,
 'downloader/response_status_count/200': 22,
 'dupefilter/filtered': 2,
 'elapsed_time_seconds': 0.456756,
 'finish_reason': 'finished',
 'finish_time': datetime.datetime(2020, 5, 4, 7, 47, 22, 434863),
 'httpcache/hit': 22,
 'item_scraped_count': 21,
 'log_count/DEBUG': 45,
 'log_count/INFO': 7,
 'memusage/max': 51838976,
 'memusage/startup': 51838976,
 'request_depth_max': 1,
 'response_received_count': 22,
 'scheduler/dequeued': 23,
 'scheduler/dequeued/memory': 23,
 'scheduler/enqueued': 23,
 'scheduler/enqueued/memory': 23,
 'splash/execute/request_count': 1,
 'splash/execute/response_count/200': 1,
 'start_time': datetime.datetime(2020, 5, 4, 7, 47, 21, 978107)}
2020-05-04 13:17:22 [scrapy] INFO: Spider closed (finished)
