2020-05-04 15:34:48 [scrapy] DEBUG: Redirecting (302) to <GET https://accounts.google.com/Login?hl=en&continue=https://scholar.google.co.in/citations%3Fhl%3Den&service=citations> from <GET https://scholar.google.co.in/citations?hl=en>
2020-05-04 15:34:49 [scrapy] DEBUG: Crawled (200) <GET https://accounts.google.com/Login?hl=en&continue=https://scholar.google.co.in/citations%3Fhl%3Den&service=citations> (referer: None)
2020-05-04 15:34:49 [scrapy] INFO: Closing spider (finished)
2020-05-04 15:34:49 [scrapy] INFO: Dumping Scrapy stats:
{'downloader/request_bytes': 539,
 'downloader/request_count': 2,
 'downloader/request_method_count/GET': 2,
 'downloader/response_bytes': 73834,
 'downloader/response_count': 2,
 'downloader/response_status_count/200': 1,
 'downloader/response_status_count/302': 1,
 'elapsed_time_seconds': 2.53218,
 'finish_reason': 'finished',
 'finish_time': datetime.datetime(2020, 5, 4, 10, 4, 49, 113485),
 'log_count/DEBUG': 2,
 'log_count/INFO': 7,
 'memusage/max': 51978240,
 'memusage/startup': 51978240,
 'response_received_count': 1,
 'scheduler/dequeued': 2,
 'scheduler/dequeued/memory': 2,
 'scheduler/enqueued': 2,
 'scheduler/enqueued/memory': 2,
 'start_time': datetime.datetime(2020, 5, 4, 10, 4, 46, 581305)}
2020-05-04 15:34:49 [scrapy] INFO: Spider closed (finished)
